{
  "numTotalTests": 31,
  "numPassedTests": 31,
  "numFailedTests": 0,
  "numPendingTests": 0,
  "testResults": [
    {
      "assertionResults": []
    },
    {
      "assertionResults": []
    },
    {
      "assertionResults": []
    },
    {
      "assertionResults": []
    },
    {
      "assertionResults": []
    },
    {
      "assertionResults": []
    },
    {
      "assertionResults": []
    },
    {
      "assertionResults": []
    },
    {
      "assertionResults": []
    },
    {
      "assertionResults": []
    },
    {
      "assertionResults": []
    }
  ]
}