{"D:\\print-helper\\src\\components\\canvas\\GridOverlay.js": {"path":"D:\\print-helper\\src\\components\\canvas\\GridOverlay.js","statementMap":{"0":{"start":{"line":5,"column":19},"end":{"line":5,"column":20}},"1":{"start":{"line":6,"column":19},"end":{"line":6,"column":42}},"2":{"start":{"line":7,"column":13},"end":{"line":7,"column":20}},"3":{"start":{"line":10,"column":2},"end":{"line":10,"column":28}},"4":{"start":{"line":10,"column":16},"end":{"line":10,"column":28}},"5":{"start":{"line":11,"column":16},"end":{"line":11,"column":18}},"6":{"start":{"line":13,"column":2},"end":{"line":27,"column":3}},"7":{"start":{"line":13,"column":15},"end":{"line":13,"column":16}},"8":{"start":{"line":14,"column":14},"end":{"line":14,"column":38}},"9":{"start":{"line":15,"column":4},"end":{"line":26,"column":6}},"10":{"start":{"line":29,"column":2},"end":{"line":43,"column":3}},"11":{"start":{"line":29,"column":15},"end":{"line":29,"column":16}},"12":{"start":{"line":30,"column":14},"end":{"line":30,"column":39}},"13":{"start":{"line":31,"column":4},"end":{"line":42,"column":6}},"14":{"start":{"line":44,"column":2},"end":{"line":48,"column":4}}},"fnMap":{"0":{"name":"GridOverlay","decl":{"start":{"line":9,"column":24},"end":{"line":9,"column":35}},"loc":{"start":{"line":9,"column":82},"end":{"line":49,"column":1}},"line":9}},"branchMap":{"0":{"loc":{"start":{"line":9,"column":53},"end":{"line":9,"column":62}},"type":"default-arg","locations":[{"start":{"line":9,"column":61},"end":{"line":9,"column":62}}],"line":9},"1":{"loc":{"start":{"line":9,"column":64},"end":{"line":9,"column":78}},"type":"default-arg","locations":[{"start":{"line":9,"column":74},"end":{"line":9,"column":78}}],"line":9},"2":{"loc":{"start":{"line":10,"column":2},"end":{"line":10,"column":28}},"type":"if","locations":[{"start":{"line":10,"column":2},"end":{"line":10,"column":28}},{"start":{},"end":{}}],"line":10}},"s":{"0":1,"1":1,"2":1,"3":8,"4":0,"5":8,"6":8,"7":8,"8":32,"9":32,"10":8,"11":8,"12":32,"13":32,"14":8},"f":{"0":8},"b":{"0":[0],"1":[0],"2":[0,8]},"_coverageSchema":"1a1c01bbd47fc00a2c39e90264f33305004495a9","hash":"c3686c7f442367557ba437006a019da014e01f99"}
,"D:\\print-helper\\src\\components\\common\\LoadingOverlay.js": {"path":"D:\\print-helper\\src\\components\\common\\LoadingOverlay.js","statementMap":{"0":{"start":{"line":4,"column":23},"end":{"line":9,"column":1}},"1":{"start":{"line":5,"column":2},"end":{"line":8,"column":9}},"2":{"start":{"line":11,"column":15},"end":{"line":23,"column":2}}},"fnMap":{"0":{"name":"(anonymous_0)","decl":{"start":{"line":4,"column":23},"end":{"line":4,"column":24}},"loc":{"start":{"line":5,"column":2},"end":{"line":8,"column":9}},"line":5}},"branchMap":{},"s":{"0":2,"1":0,"2":2},"f":{"0":0},"b":{},"_coverageSchema":"1a1c01bbd47fc00a2c39e90264f33305004495a9","hash":"4a4e87fb2453ff5e4efd15dad2fe1dc4ba7b4e3c"}
,"D:\\print-helper\\src\\context\\CanvasRefContext.js": {"path":"D:\\print-helper\\src\\context\\CanvasRefContext.js","statementMap":{"0":{"start":{"line":3,"column":25},"end":{"line":3,"column":44}},"1":{"start":{"line":6,"column":20},"end":{"line":6,"column":32}},"2":{"start":{"line":7,"column":2},"end":{"line":11,"column":4}},"3":{"start":{"line":15,"column":2},"end":{"line":15,"column":38}}},"fnMap":{"0":{"name":"CanvasRefProvider","decl":{"start":{"line":5,"column":16},"end":{"line":5,"column":33}},"loc":{"start":{"line":5,"column":48},"end":{"line":12,"column":1}},"line":5},"1":{"name":"useCanvasRef","decl":{"start":{"line":14,"column":16},"end":{"line":14,"column":28}},"loc":{"start":{"line":14,"column":31},"end":{"line":16,"column":1}},"line":14}},"branchMap":{},"s":{"0":2,"1":0,"2":0,"3":12},"f":{"0":0,"1":12},"b":{},"_coverageSchema":"1a1c01bbd47fc00a2c39e90264f33305004495a9","hash":"8533aee59116ae6adf3e7278428848a33731382e"}
,"D:\\print-helper\\src\\screens\\CanvasEditorScreen.js": {"path":"D:\\print-helper\\src\\screens\\CanvasEditorScreen.js","statementMap":{"0":{"start":{"line":12,"column":17},"end":{"line":12,"column":21}},"1":{"start":{"line":13,"column":18},"end":{"line":13,"column":22}},"2":{"start":{"line":14,"column":21},"end":{"line":14,"column":51}},"3":{"start":{"line":15,"column":22},"end":{"line":15,"column":53}},"4":{"start":{"line":16,"column":21},"end":{"line":16,"column":44}},"5":{"start":{"line":17,"column":22},"end":{"line":17,"column":24}},"6":{"start":{"line":19,"column":16},"end":{"line":25,"column":1}},"7":{"start":{"line":27,"column":21},"end":{"line":48,"column":1}},"8":{"start":{"line":52,"column":25},"end":{"line":52,"column":74}},"9":{"start":{"line":52,"column":46},"end":{"line":52,"column":73}},"10":{"start":{"line":53,"column":42},"end":{"line":53,"column":53}},"11":{"start":{"line":54,"column":30},"end":{"line":54,"column":46}},"12":{"start":{"line":55,"column":16},"end":{"line":55,"column":36}},"13":{"start":{"line":58,"column":16},"end":{"line":58,"column":33}},"14":{"start":{"line":59,"column":21},"end":{"line":59,"column":38}},"15":{"start":{"line":60,"column":21},"end":{"line":60,"column":38}},"16":{"start":{"line":61,"column":19},"end":{"line":61,"column":36}},"17":{"start":{"line":64,"column":32},"end":{"line":64,"column":44}},"18":{"start":{"line":65,"column":30},"end":{"line":65,"column":42}},"19":{"start":{"line":68,"column":46},"end":{"line":68,"column":58}},"20":{"start":{"line":69,"column":44},"end":{"line":69,"column":58}},"21":{"start":{"line":72,"column":54},"end":{"line":72,"column":69}},"22":{"start":{"line":73,"column":44},"end":{"line":73,"column":59}},"23":{"start":{"line":74,"column":42},"end":{"line":74,"column":56}},"24":{"start":{"line":77,"column":24},"end":{"line":89,"column":3}},"25":{"start":{"line":78,"column":4},"end":{"line":87,"column":7}},"26":{"start":{"line":79,"column":20},"end":{"line":84,"column":7}},"27":{"start":{"line":85,"column":25},"end":{"line":85,"column":41}},"28":{"start":{"line":86,"column":6},"end":{"line":86,"column":95}},"29":{"start":{"line":88,"column":4},"end":{"line":88,"column":18}},"30":{"start":{"line":92,"column":21},"end":{"line":106,"column":4}},"31":{"start":{"line":94,"column":6},"end":{"line":94,"column":36}},"32":{"start":{"line":95,"column":6},"end":{"line":95,"column":36}},"33":{"start":{"line":98,"column":6},"end":{"line":98,"column":57}},"34":{"start":{"line":99,"column":6},"end":{"line":99,"column":57}},"35":{"start":{"line":102,"column":6},"end":{"line":102,"column":66}},"36":{"start":{"line":103,"column":6},"end":{"line":103,"column":66}},"37":{"start":{"line":104,"column":6},"end":{"line":104,"column":31}},"38":{"start":{"line":109,"column":23},"end":{"line":119,"column":4}},"39":{"start":{"line":111,"column":6},"end":{"line":111,"column":35}},"40":{"start":{"line":114,"column":6},"end":{"line":114,"column":77}},"41":{"start":{"line":117,"column":6},"end":{"line":117,"column":31}},"42":{"start":{"line":122,"column":17},"end":{"line":125,"column":3}},"43":{"start":{"line":123,"column":4},"end":{"line":123,"column":73}},"44":{"start":{"line":124,"column":4},"end":{"line":124,"column":20}},"45":{"start":{"line":128,"column":15},"end":{"line":142,"column":3}},"46":{"start":{"line":129,"column":4},"end":{"line":129,"column":37}},"47":{"start":{"line":129,"column":30},"end":{"line":129,"column":37}},"48":{"start":{"line":130,"column":17},"end":{"line":130,"column":44}},"49":{"start":{"line":131,"column":4},"end":{"line":131,"column":36}},"50":{"start":{"line":131,"column":20},"end":{"line":131,"column":34}},"51":{"start":{"line":132,"column":4},"end":{"line":137,"column":14}},"52":{"start":{"line":132,"column":19},"end":{"line":137,"column":12}},"53":{"start":{"line":138,"column":4},"end":{"line":138,"column":60}},"54":{"start":{"line":139,"column":4},"end":{"line":139,"column":70}},"55":{"start":{"line":140,"column":4},"end":{"line":140,"column":70}},"56":{"start":{"line":141,"column":4},"end":{"line":141,"column":66}},"57":{"start":{"line":143,"column":15},"end":{"line":157,"column":3}},"58":{"start":{"line":144,"column":4},"end":{"line":144,"column":36}},"59":{"start":{"line":144,"column":29},"end":{"line":144,"column":36}},"60":{"start":{"line":145,"column":17},"end":{"line":145,"column":26}},"61":{"start":{"line":146,"column":4},"end":{"line":146,"column":31}},"62":{"start":{"line":146,"column":19},"end":{"line":146,"column":29}},"63":{"start":{"line":147,"column":4},"end":{"line":152,"column":8}},"64":{"start":{"line":147,"column":20},"end":{"line":152,"column":6}},"65":{"start":{"line":153,"column":4},"end":{"line":153,"column":60}},"66":{"start":{"line":154,"column":4},"end":{"line":154,"column":70}},"67":{"start":{"line":155,"column":4},"end":{"line":155,"column":70}},"68":{"start":{"line":156,"column":4},"end":{"line":156,"column":66}},"69":{"start":{"line":159,"column":24},"end":{"line":166,"column":5}},"70":{"start":{"line":159,"column":48},"end":{"line":166,"column":3}},"71":{"start":{"line":169,"column":24},"end":{"line":179,"column":3}},"72":{"start":{"line":170,"column":4},"end":{"line":170,"column":30}},"73":{"start":{"line":171,"column":4},"end":{"line":178,"column":5}},"74":{"start":{"line":172,"column":26},"end":{"line":172,"column":53}},"75":{"start":{"line":173,"column":6},"end":{"line":173,"column":71}},"76":{"start":{"line":173,"column":33},"end":{"line":173,"column":68}},"77":{"start":{"line":174,"column":6},"end":{"line":174,"column":29}},"78":{"start":{"line":176,"column":6},"end":{"line":176,"column":29}},"79":{"start":{"line":177,"column":6},"end":{"line":177,"column":66}},"80":{"start":{"line":182,"column":28},"end":{"line":192,"column":3}},"81":{"start":{"line":183,"column":4},"end":{"line":183,"column":27}},"82":{"start":{"line":184,"column":19},"end":{"line":184,"column":31}},"83":{"start":{"line":185,"column":16},"end":{"line":185,"column":38}},"84":{"start":{"line":186,"column":16},"end":{"line":186,"column":49}},"85":{"start":{"line":187,"column":24},"end":{"line":187,"column":59}},"86":{"start":{"line":188,"column":4},"end":{"line":188,"column":68}},"87":{"start":{"line":188,"column":31},"end":{"line":188,"column":65}},"88":{"start":{"line":189,"column":4},"end":{"line":189,"column":32}},"89":{"start":{"line":190,"column":4},"end":{"line":190,"column":28}},"90":{"start":{"line":191,"column":4},"end":{"line":191,"column":33}},"91":{"start":{"line":195,"column":29},"end":{"line":238,"column":3}},"92":{"start":{"line":196,"column":4},"end":{"line":202,"column":5}},"93":{"start":{"line":197,"column":6},"end":{"line":201,"column":8}},"94":{"start":{"line":203,"column":4},"end":{"line":237,"column":7}},"95":{"start":{"line":204,"column":18},"end":{"line":204,"column":35}},"96":{"start":{"line":205,"column":6},"end":{"line":205,"column":28}},"97":{"start":{"line":205,"column":16},"end":{"line":205,"column":28}},"98":{"start":{"line":206,"column":18},"end":{"line":206,"column":46}},"99":{"start":{"line":207,"column":6},"end":{"line":236,"column":8}},"100":{"start":{"line":225,"column":29},"end":{"line":225,"column":50}},"101":{"start":{"line":240,"column":20},"end":{"line":240,"column":34}},"102":{"start":{"line":242,"column":2},"end":{"line":300,"column":4}},"103":{"start":{"line":247,"column":10},"end":{"line":253,"column":29}},"104":{"start":{"line":250,"column":27},"end":{"line":250,"column":43}},"105":{"start":{"line":268,"column":66},"end":{"line":268,"column":77}},"106":{"start":{"line":269,"column":66},"end":{"line":269,"column":77}},"107":{"start":{"line":271,"column":66},"end":{"line":271,"column":76}},"108":{"start":{"line":272,"column":66},"end":{"line":272,"column":76}},"109":{"start":{"line":279,"column":130},"end":{"line":279,"column":157}},"110":{"start":{"line":289,"column":47},"end":{"line":289,"column":70}},"111":{"start":{"line":290,"column":47},"end":{"line":290,"column":77}},"112":{"start":{"line":291,"column":47},"end":{"line":291,"column":76}},"113":{"start":{"line":292,"column":47},"end":{"line":292,"column":73}},"114":{"start":{"line":295,"column":49},"end":{"line":295,"column":77}},"115":{"start":{"line":303,"column":15},"end":{"line":428,"column":2}}},"fnMap":{"0":{"name":"CanvasEditorScreen","decl":{"start":{"line":50,"column":24},"end":{"line":50,"column":42}},"loc":{"start":{"line":50,"column":45},"end":{"line":301,"column":1}},"line":50},"1":{"name":"(anonymous_1)","decl":{"start":{"line":52,"column":37},"end":{"line":52,"column":38}},"loc":{"start":{"line":52,"column":46},"end":{"line":52,"column":73}},"line":52},"2":{"name":"(anonymous_2)","decl":{"start":{"line":77,"column":24},"end":{"line":77,"column":25}},"loc":{"start":{"line":77,"column":30},"end":{"line":89,"column":3}},"line":77},"3":{"name":"(anonymous_3)","decl":{"start":{"line":78,"column":15},"end":{"line":78,"column":16}},"loc":{"start":{"line":78,"column":23},"end":{"line":87,"column":5}},"line":78},"4":{"name":"(anonymous_4)","decl":{"start":{"line":93,"column":13},"end":{"line":93,"column":14}},"loc":{"start":{"line":93,"column":25},"end":{"line":96,"column":5}},"line":93},"5":{"name":"(anonymous_5)","decl":{"start":{"line":97,"column":14},"end":{"line":97,"column":15}},"loc":{"start":{"line":97,"column":30},"end":{"line":100,"column":5}},"line":97},"6":{"name":"(anonymous_6)","decl":{"start":{"line":101,"column":11},"end":{"line":101,"column":12}},"loc":{"start":{"line":101,"column":22},"end":{"line":105,"column":5}},"line":101},"7":{"name":"(anonymous_7)","decl":{"start":{"line":110,"column":13},"end":{"line":110,"column":14}},"loc":{"start":{"line":110,"column":25},"end":{"line":112,"column":5}},"line":110},"8":{"name":"(anonymous_8)","decl":{"start":{"line":113,"column":14},"end":{"line":113,"column":15}},"loc":{"start":{"line":113,"column":30},"end":{"line":115,"column":5}},"line":113},"9":{"name":"(anonymous_9)","decl":{"start":{"line":116,"column":11},"end":{"line":116,"column":12}},"loc":{"start":{"line":116,"column":17},"end":{"line":118,"column":5}},"line":116},"10":{"name":"(anonymous_10)","decl":{"start":{"line":122,"column":17},"end":{"line":122,"column":18}},"loc":{"start":{"line":122,"column":26},"end":{"line":125,"column":3}},"line":122},"11":{"name":"(anonymous_11)","decl":{"start":{"line":128,"column":15},"end":{"line":128,"column":16}},"loc":{"start":{"line":128,"column":21},"end":{"line":142,"column":3}},"line":128},"12":{"name":"(anonymous_12)","decl":{"start":{"line":131,"column":15},"end":{"line":131,"column":16}},"loc":{"start":{"line":131,"column":20},"end":{"line":131,"column":34}},"line":131},"13":{"name":"(anonymous_13)","decl":{"start":{"line":132,"column":14},"end":{"line":132,"column":15}},"loc":{"start":{"line":132,"column":19},"end":{"line":137,"column":12}},"line":132},"14":{"name":"(anonymous_14)","decl":{"start":{"line":143,"column":15},"end":{"line":143,"column":16}},"loc":{"start":{"line":143,"column":21},"end":{"line":157,"column":3}},"line":143},"15":{"name":"(anonymous_15)","decl":{"start":{"line":146,"column":14},"end":{"line":146,"column":15}},"loc":{"start":{"line":146,"column":19},"end":{"line":146,"column":29}},"line":146},"16":{"name":"(anonymous_16)","decl":{"start":{"line":147,"column":15},"end":{"line":147,"column":16}},"loc":{"start":{"line":147,"column":20},"end":{"line":152,"column":6}},"line":147},"17":{"name":"(anonymous_17)","decl":{"start":{"line":159,"column":41},"end":{"line":159,"column":42}},"loc":{"start":{"line":159,"column":48},"end":{"line":166,"column":3}},"line":159},"18":{"name":"(anonymous_18)","decl":{"start":{"line":169,"column":24},"end":{"line":169,"column":25}},"loc":{"start":{"line":169,"column":48},"end":{"line":179,"column":3}},"line":169},"19":{"name":"(anonymous_19)","decl":{"start":{"line":173,"column":24},"end":{"line":173,"column":25}},"loc":{"start":{"line":173,"column":33},"end":{"line":173,"column":68}},"line":173},"20":{"name":"(anonymous_20)","decl":{"start":{"line":182,"column":28},"end":{"line":182,"column":29}},"loc":{"start":{"line":182,"column":50},"end":{"line":192,"column":3}},"line":182},"21":{"name":"(anonymous_21)","decl":{"start":{"line":188,"column":22},"end":{"line":188,"column":23}},"loc":{"start":{"line":188,"column":31},"end":{"line":188,"column":65}},"line":188},"22":{"name":"(anonymous_22)","decl":{"start":{"line":195,"column":29},"end":{"line":195,"column":30}},"loc":{"start":{"line":195,"column":35},"end":{"line":238,"column":3}},"line":195},"23":{"name":"(anonymous_23)","decl":{"start":{"line":203,"column":21},"end":{"line":203,"column":22}},"loc":{"start":{"line":203,"column":34},"end":{"line":237,"column":5}},"line":203},"24":{"name":"(anonymous_24)","decl":{"start":{"line":225,"column":23},"end":{"line":225,"column":24}},"loc":{"start":{"line":225,"column":29},"end":{"line":225,"column":50}},"line":225},"25":{"name":"(anonymous_25)","decl":{"start":{"line":246,"column":21},"end":{"line":246,"column":22}},"loc":{"start":{"line":247,"column":10},"end":{"line":253,"column":29}},"line":247},"26":{"name":"(anonymous_26)","decl":{"start":{"line":250,"column":21},"end":{"line":250,"column":22}},"loc":{"start":{"line":250,"column":27},"end":{"line":250,"column":43}},"line":250},"27":{"name":"(anonymous_27)","decl":{"start":{"line":268,"column":60},"end":{"line":268,"column":61}},"loc":{"start":{"line":268,"column":66},"end":{"line":268,"column":77}},"line":268},"28":{"name":"(anonymous_28)","decl":{"start":{"line":269,"column":60},"end":{"line":269,"column":61}},"loc":{"start":{"line":269,"column":66},"end":{"line":269,"column":77}},"line":269},"29":{"name":"(anonymous_29)","decl":{"start":{"line":271,"column":60},"end":{"line":271,"column":61}},"loc":{"start":{"line":271,"column":66},"end":{"line":271,"column":76}},"line":271},"30":{"name":"(anonymous_30)","decl":{"start":{"line":272,"column":60},"end":{"line":272,"column":61}},"loc":{"start":{"line":272,"column":66},"end":{"line":272,"column":76}},"line":272},"31":{"name":"(anonymous_31)","decl":{"start":{"line":279,"column":124},"end":{"line":279,"column":125}},"loc":{"start":{"line":279,"column":130},"end":{"line":279,"column":157}},"line":279},"32":{"name":"(anonymous_32)","decl":{"start":{"line":289,"column":41},"end":{"line":289,"column":42}},"loc":{"start":{"line":289,"column":47},"end":{"line":289,"column":70}},"line":289},"33":{"name":"(anonymous_33)","decl":{"start":{"line":290,"column":41},"end":{"line":290,"column":42}},"loc":{"start":{"line":290,"column":47},"end":{"line":290,"column":77}},"line":290},"34":{"name":"(anonymous_34)","decl":{"start":{"line":291,"column":41},"end":{"line":291,"column":42}},"loc":{"start":{"line":291,"column":47},"end":{"line":291,"column":76}},"line":291},"35":{"name":"(anonymous_35)","decl":{"start":{"line":292,"column":41},"end":{"line":292,"column":42}},"loc":{"start":{"line":292,"column":47},"end":{"line":292,"column":73}},"line":292},"36":{"name":"(anonymous_36)","decl":{"start":{"line":295,"column":43},"end":{"line":295,"column":44}},"loc":{"start":{"line":295,"column":49},"end":{"line":295,"column":77}},"line":295}},"branchMap":{"0":{"loc":{"start":{"line":86,"column":13},"end":{"line":86,"column":94}},"type":"cond-expr","locations":[{"start":{"line":86,"column":49},"end":{"line":86,"column":81}},{"start":{"line":86,"column":84},"end":{"line":86,"column":94}}],"line":86},"1":{"loc":{"start":{"line":129,"column":4},"end":{"line":129,"column":37}},"type":"if","locations":[{"start":{"line":129,"column":4},"end":{"line":129,"column":37}},{"start":{},"end":{}}],"line":129},"2":{"loc":{"start":{"line":144,"column":4},"end":{"line":144,"column":36}},"type":"if","locations":[{"start":{"line":144,"column":4},"end":{"line":144,"column":36}},{"start":{},"end":{}}],"line":144},"3":{"loc":{"start":{"line":186,"column":16},"end":{"line":186,"column":49}},"type":"binary-expr","locations":[{"start":{"line":186,"column":16},"end":{"line":186,"column":38}},{"start":{"line":186,"column":42},"end":{"line":186,"column":49}}],"line":186},"4":{"loc":{"start":{"line":196,"column":4},"end":{"line":202,"column":5}},"type":"if","locations":[{"start":{"line":196,"column":4},"end":{"line":202,"column":5}},{"start":{},"end":{}}],"line":196},"5":{"loc":{"start":{"line":196,"column":8},"end":{"line":196,"column":63}},"type":"binary-expr","locations":[{"start":{"line":196,"column":8},"end":{"line":196,"column":23}},{"start":{"line":196,"column":27},"end":{"line":196,"column":63}}],"line":196},"6":{"loc":{"start":{"line":205,"column":6},"end":{"line":205,"column":28}},"type":"if","locations":[{"start":{"line":205,"column":6},"end":{"line":205,"column":28}},{"start":{},"end":{}}],"line":205},"7":{"loc":{"start":{"line":206,"column":18},"end":{"line":206,"column":46}},"type":"binary-expr","locations":[{"start":{"line":206,"column":18},"end":{"line":206,"column":35}},{"start":{"line":206,"column":39},"end":{"line":206,"column":46}}],"line":206},"8":{"loc":{"start":{"line":222,"column":11},"end":{"line":234,"column":11}},"type":"binary-expr","locations":[{"start":{"line":222,"column":11},"end":{"line":222,"column":29}},{"start":{"line":223,"column":12},"end":{"line":233,"column":31}}],"line":222},"9":{"loc":{"start":{"line":228,"column":15},"end":{"line":232,"column":15}},"type":"cond-expr","locations":[{"start":{"line":229,"column":16},"end":{"line":229,"column":63}},{"start":{"line":231,"column":16},"end":{"line":231,"column":66}}],"line":228},"10":{"loc":{"start":{"line":243,"column":45},"end":{"line":243,"column":85}},"type":"cond-expr","locations":[{"start":{"line":243,"column":70},"end":{"line":243,"column":76}},{"start":{"line":243,"column":79},"end":{"line":243,"column":85}}],"line":243},"11":{"loc":{"start":{"line":249,"column":38},"end":{"line":249,"column":80}},"type":"binary-expr","locations":[{"start":{"line":249,"column":38},"end":{"line":249,"column":54}},{"start":{"line":249,"column":58},"end":{"line":249,"column":80}}],"line":249},"12":{"loc":{"start":{"line":252,"column":48},"end":{"line":252,"column":94}},"type":"binary-expr","locations":[{"start":{"line":252,"column":48},"end":{"line":252,"column":64}},{"start":{"line":252,"column":68},"end":{"line":252,"column":94}}],"line":252},"13":{"loc":{"start":{"line":273,"column":129},"end":{"line":273,"column":168}},"type":"binary-expr","locations":[{"start":{"line":273,"column":129},"end":{"line":273,"column":149}},{"start":{"line":273,"column":153},"end":{"line":273,"column":168}}],"line":273},"14":{"loc":{"start":{"line":274,"column":128},"end":{"line":274,"column":166}},"type":"binary-expr","locations":[{"start":{"line":274,"column":128},"end":{"line":274,"column":147}},{"start":{"line":274,"column":151},"end":{"line":274,"column":166}}],"line":274},"15":{"loc":{"start":{"line":294,"column":13},"end":{"line":294,"column":48}},"type":"binary-expr","locations":[{"start":{"line":294,"column":13},"end":{"line":294,"column":26}},{"start":{"line":294,"column":30},"end":{"line":294,"column":48}}],"line":294}},"s":{"0":1,"1":1,"2":1,"3":1,"4":1,"5":1,"6":1,"7":1,"8":9,"9":16,"10":8,"11":8,"12":8,"13":8,"14":8,"15":8,"16":8,"17":8,"18":8,"19":8,"20":8,"21":8,"22":8,"23":8,"24":8,"25":0,"26":0,"27":0,"28":0,"29":0,"30":8,"31":0,"32":0,"33":0,"34":0,"35":0,"36":0,"37":0,"38":8,"39":0,"40":0,"41":0,"42":8,"43":0,"44":0,"45":8,"46":0,"47":0,"48":0,"49":0,"50":0,"51":0,"52":0,"53":0,"54":0,"55":0,"56":0,"57":8,"58":0,"59":0,"60":0,"61":0,"62":0,"63":0,"64":0,"65":0,"66":0,"67":0,"68":0,"69":8,"70":8,"71":8,"72":0,"73":0,"74":0,"75":0,"76":0,"77":0,"78":0,"79":0,"80":8,"81":0,"82":0,"83":0,"84":0,"85":0,"86":0,"87":0,"88":0,"89":0,"90":0,"91":8,"92":8,"93":0,"94":8,"95":8,"96":8,"97":0,"98":8,"99":8,"100":0,"101":8,"102":8,"103":40,"104":0,"105":0,"106":0,"107":0,"108":0,"109":0,"110":0,"111":0,"112":0,"113":0,"114":0,"115":1},"f":{"0":9,"1":16,"2":0,"3":0,"4":0,"5":0,"6":0,"7":0,"8":0,"9":0,"10":0,"11":0,"12":0,"13":0,"14":0,"15":0,"16":0,"17":8,"18":0,"19":0,"20":0,"21":0,"22":8,"23":8,"24":0,"25":40,"26":0,"27":0,"28":0,"29":0,"30":0,"31":0,"32":0,"33":0,"34":0,"35":0,"36":0},"b":{"0":[0,0],"1":[0,0],"2":[0,0],"3":[0,0],"4":[0,8],"5":[8,8],"6":[0,8],"7":[8,8],"8":[8,8],"9":[0,8],"10":[0,8],"11":[40,8],"12":[40,8],"13":[8,8],"14":[8,8],"15":[8,0]},"_coverageSchema":"1a1c01bbd47fc00a2c39e90264f33305004495a9","hash":"ab2f52cf8a2076f719d64370a62b586ecd253170"}
,"D:\\print-helper\\src\\screens\\ExportScreen.js": {"path":"D:\\print-helper\\src\\screens\\ExportScreen.js","statementMap":{"0":{"start":{"line":8,"column":20},"end":{"line":8,"column":35}},"1":{"start":{"line":11,"column":24},"end":{"line":11,"column":37}},"2":{"start":{"line":12,"column":32},"end":{"line":12,"column":47}},"3":{"start":{"line":13,"column":32},"end":{"line":13,"column":46}},"4":{"start":{"line":14,"column":20},"end":{"line":14,"column":34}},"5":{"start":{"line":15,"column":21},"end":{"line":15,"column":36}},"6":{"start":{"line":17,"column":23},"end":{"line":30,"column":3}},"7":{"start":{"line":18,"column":4},"end":{"line":18,"column":21}},"8":{"start":{"line":19,"column":4},"end":{"line":29,"column":5}},"9":{"start":{"line":20,"column":6},"end":{"line":20,"column":96}},"10":{"start":{"line":20,"column":44},"end":{"line":20,"column":96}},"11":{"start":{"line":21,"column":23},"end":{"line":21,"column":58}},"12":{"start":{"line":22,"column":18},"end":{"line":22,"column":48}},"13":{"start":{"line":23,"column":6},"end":{"line":23,"column":22}},"14":{"start":{"line":24,"column":6},"end":{"line":24,"column":24}},"15":{"start":{"line":25,"column":6},"end":{"line":25,"column":60}},"16":{"start":{"line":27,"column":6},"end":{"line":27,"column":24}},"17":{"start":{"line":28,"column":6},"end":{"line":28,"column":46}},"18":{"start":{"line":32,"column":22},"end":{"line":36,"column":3}},"19":{"start":{"line":33,"column":4},"end":{"line":35,"column":5}},"20":{"start":{"line":34,"column":6},"end":{"line":34,"column":30}},"21":{"start":{"line":38,"column":2},"end":{"line":54,"column":4}},"22":{"start":{"line":44,"column":10},"end":{"line":44,"column":120}},"23":{"start":{"line":44,"column":64},"end":{"line":44,"column":75}},"24":{"start":{"line":51,"column":59},"end":{"line":51,"column":95}},"25":{"start":{"line":57,"column":15},"end":{"line":61,"column":2}}},"fnMap":{"0":{"name":"ExportScreen","decl":{"start":{"line":10,"column":24},"end":{"line":10,"column":36}},"loc":{"start":{"line":10,"column":39},"end":{"line":55,"column":1}},"line":10},"1":{"name":"(anonymous_1)","decl":{"start":{"line":17,"column":23},"end":{"line":17,"column":24}},"loc":{"start":{"line":17,"column":35},"end":{"line":30,"column":3}},"line":17},"2":{"name":"(anonymous_2)","decl":{"start":{"line":32,"column":22},"end":{"line":32,"column":23}},"loc":{"start":{"line":32,"column":34},"end":{"line":36,"column":3}},"line":32},"3":{"name":"(anonymous_3)","decl":{"start":{"line":43,"column":25},"end":{"line":43,"column":26}},"loc":{"start":{"line":44,"column":10},"end":{"line":44,"column":120}},"line":44},"4":{"name":"(anonymous_4)","decl":{"start":{"line":44,"column":58},"end":{"line":44,"column":59}},"loc":{"start":{"line":44,"column":64},"end":{"line":44,"column":75}},"line":44},"5":{"name":"(anonymous_5)","decl":{"start":{"line":51,"column":53},"end":{"line":51,"column":54}},"loc":{"start":{"line":51,"column":59},"end":{"line":51,"column":95}},"line":51}},"branchMap":{"0":{"loc":{"start":{"line":20,"column":6},"end":{"line":20,"column":96}},"type":"if","locations":[{"start":{"line":20,"column":6},"end":{"line":20,"column":96}},{"start":{},"end":{}}],"line":20},"1":{"loc":{"start":{"line":20,"column":10},"end":{"line":20,"column":42}},"type":"binary-expr","locations":[{"start":{"line":20,"column":10},"end":{"line":20,"column":20}},{"start":{"line":20,"column":24},"end":{"line":20,"column":42}}],"line":20},"2":{"loc":{"start":{"line":33,"column":4},"end":{"line":35,"column":5}},"type":"if","locations":[{"start":{"line":33,"column":4},"end":{"line":35,"column":5}},{"start":{},"end":{}}],"line":33},"3":{"loc":{"start":{"line":44,"column":84},"end":{"line":44,"column":116}},"type":"cond-expr","locations":[{"start":{"line":44,"column":98},"end":{"line":44,"column":107}},{"start":{"line":44,"column":110},"end":{"line":44,"column":116}}],"line":44},"4":{"loc":{"start":{"line":48,"column":7},"end":{"line":48,"column":91}},"type":"binary-expr","locations":[{"start":{"line":48,"column":7},"end":{"line":48,"column":14}},{"start":{"line":48,"column":18},"end":{"line":48,"column":91}}],"line":48},"5":{"loc":{"start":{"line":49,"column":7},"end":{"line":49,"column":68}},"type":"binary-expr","locations":[{"start":{"line":49,"column":7},"end":{"line":49,"column":14}},{"start":{"line":49,"column":18},"end":{"line":49,"column":68}}],"line":49}},"s":{"0":1,"1":4,"2":4,"3":4,"4":4,"5":4,"6":4,"7":2,"8":2,"9":2,"10":2,"11":0,"12":0,"13":0,"14":0,"15":0,"16":2,"17":2,"18":4,"19":0,"20":0,"21":4,"22":12,"23":0,"24":0,"25":1},"f":{"0":4,"1":2,"2":0,"3":12,"4":0,"5":0},"b":{"0":[2,0],"1":[2,0],"2":[0,0],"3":[4,8],"4":[4,0],"5":[4,0]},"_coverageSchema":"1a1c01bbd47fc00a2c39e90264f33305004495a9","hash":"c44271c69c96c5783efcfb8e773c7f92f04f9735"}
,"D:\\print-helper\\src\\screens\\ImagePickerScreen.js": {"path":"D:\\print-helper\\src\\screens\\ImagePickerScreen.js","statementMap":{"0":{"start":{"line":12,"column":26},"end":{"line":169,"column":1}},"1":{"start":{"line":13,"column":51},"end":{"line":13,"column":63}},"2":{"start":{"line":14,"column":28},"end":{"line":14,"column":40}},"3":{"start":{"line":15,"column":19},"end":{"line":15,"column":32}},"4":{"start":{"line":16,"column":50},"end":{"line":16,"column":65}},"5":{"start":{"line":17,"column":44},"end":{"line":17,"column":56}},"6":{"start":{"line":18,"column":46},"end":{"line":18,"column":57}},"7":{"start":{"line":19,"column":34},"end":{"line":19,"column":49}},"8":{"start":{"line":20,"column":21},"end":{"line":20,"column":36}},"9":{"start":{"line":23,"column":21},"end":{"line":50,"column":3}},"10":{"start":{"line":24,"column":23},"end":{"line":24,"column":78}},"11":{"start":{"line":25,"column":4},"end":{"line":28,"column":5}},"12":{"start":{"line":26,"column":6},"end":{"line":26,"column":60}},"13":{"start":{"line":27,"column":6},"end":{"line":27,"column":13}},"14":{"start":{"line":29,"column":4},"end":{"line":49,"column":5}},"15":{"start":{"line":30,"column":21},"end":{"line":35,"column":8}},"16":{"start":{"line":36,"column":6},"end":{"line":46,"column":7}},"17":{"start":{"line":37,"column":28},"end":{"line":43,"column":10}},"18":{"start":{"line":38,"column":10},"end":{"line":41,"column":11}},"19":{"start":{"line":39,"column":12},"end":{"line":39,"column":71}},"20":{"start":{"line":40,"column":12},"end":{"line":40,"column":25}},"21":{"start":{"line":42,"column":10},"end":{"line":42,"column":22}},"22":{"start":{"line":44,"column":8},"end":{"line":44,"column":40}},"23":{"start":{"line":45,"column":8},"end":{"line":45,"column":21}},"24":{"start":{"line":48,"column":6},"end":{"line":48,"column":41}},"25":{"start":{"line":53,"column":29},"end":{"line":76,"column":3}},"26":{"start":{"line":54,"column":4},"end":{"line":75,"column":5}},"27":{"start":{"line":55,"column":25},"end":{"line":55,"column":69}},"28":{"start":{"line":56,"column":6},"end":{"line":59,"column":7}},"29":{"start":{"line":57,"column":8},"end":{"line":57,"column":68}},"30":{"start":{"line":58,"column":8},"end":{"line":58,"column":15}},"31":{"start":{"line":61,"column":20},"end":{"line":61,"column":52}},"32":{"start":{"line":62,"column":23},"end":{"line":66,"column":8}},"33":{"start":{"line":67,"column":6},"end":{"line":70,"column":7}},"34":{"start":{"line":68,"column":8},"end":{"line":68,"column":46}},"35":{"start":{"line":69,"column":8},"end":{"line":69,"column":15}},"36":{"start":{"line":71,"column":6},"end":{"line":71,"column":42}},"37":{"start":{"line":72,"column":6},"end":{"line":72,"column":19}},"38":{"start":{"line":74,"column":6},"end":{"line":74,"column":52}},"39":{"start":{"line":79,"column":24},"end":{"line":82,"column":3}},"40":{"start":{"line":81,"column":4},"end":{"line":81,"column":19}},"41":{"start":{"line":85,"column":26},"end":{"line":94,"column":3}},"42":{"start":{"line":86,"column":4},"end":{"line":93,"column":7}},"43":{"start":{"line":87,"column":6},"end":{"line":92,"column":9}},"44":{"start":{"line":90,"column":10},"end":{"line":90,"column":30}},"45":{"start":{"line":97,"column":29},"end":{"line":101,"column":3}},"46":{"start":{"line":98,"column":4},"end":{"line":98,"column":29}},"47":{"start":{"line":99,"column":4},"end":{"line":99,"column":25}},"48":{"start":{"line":100,"column":4},"end":{"line":100,"column":30}},"49":{"start":{"line":104,"column":27},"end":{"line":125,"column":3}},"50":{"start":{"line":105,"column":16},"end":{"line":105,"column":45}},"51":{"start":{"line":106,"column":14},"end":{"line":106,"column":21}},"52":{"start":{"line":107,"column":4},"end":{"line":111,"column":5}},"53":{"start":{"line":108,"column":6},"end":{"line":108,"column":24}},"54":{"start":{"line":109,"column":6},"end":{"line":109,"column":41}},"55":{"start":{"line":110,"column":6},"end":{"line":110,"column":25}},"56":{"start":{"line":112,"column":4},"end":{"line":112,"column":62}},"57":{"start":{"line":112,"column":29},"end":{"line":112,"column":62}},"58":{"start":{"line":114,"column":20},"end":{"line":114,"column":56}},"59":{"start":{"line":115,"column":4},"end":{"line":115,"column":36}},"60":{"start":{"line":116,"column":4},"end":{"line":116,"column":41}},"61":{"start":{"line":118,"column":4},"end":{"line":124,"column":5}},"62":{"start":{"line":119,"column":6},"end":{"line":119,"column":44}},"63":{"start":{"line":121,"column":6},"end":{"line":121,"column":33}},"64":{"start":{"line":122,"column":6},"end":{"line":122,"column":27}},"65":{"start":{"line":123,"column":6},"end":{"line":123,"column":27}},"66":{"start":{"line":127,"column":22},"end":{"line":129,"column":3}},"67":{"start":{"line":128,"column":4},"end":{"line":128,"column":65}},"68":{"start":{"line":131,"column":2},"end":{"line":168,"column":4}},"69":{"start":{"line":142,"column":30},"end":{"line":142,"column":49}},"70":{"start":{"line":153,"column":40},"end":{"line":153,"column":64}},"71":{"start":{"line":156,"column":40},"end":{"line":156,"column":66}},"72":{"start":{"line":159,"column":40},"end":{"line":159,"column":64}},"73":{"start":{"line":171,"column":15},"end":{"line":179,"column":2}}},"fnMap":{"0":{"name":"(anonymous_0)","decl":{"start":{"line":12,"column":26},"end":{"line":12,"column":27}},"loc":{"start":{"line":12,"column":32},"end":{"line":169,"column":1}},"line":12},"1":{"name":"(anonymous_1)","decl":{"start":{"line":23,"column":21},"end":{"line":23,"column":22}},"loc":{"start":{"line":23,"column":33},"end":{"line":50,"column":3}},"line":23},"2":{"name":"(anonymous_2)","decl":{"start":{"line":37,"column":49},"end":{"line":37,"column":50}},"loc":{"start":{"line":37,"column":56},"end":{"line":43,"column":9}},"line":37},"3":{"name":"(anonymous_3)","decl":{"start":{"line":53,"column":29},"end":{"line":53,"column":30}},"loc":{"start":{"line":53,"column":41},"end":{"line":76,"column":3}},"line":53},"4":{"name":"(anonymous_4)","decl":{"start":{"line":79,"column":24},"end":{"line":79,"column":25}},"loc":{"start":{"line":79,"column":39},"end":{"line":82,"column":3}},"line":79},"5":{"name":"(anonymous_5)","decl":{"start":{"line":85,"column":26},"end":{"line":85,"column":27}},"loc":{"start":{"line":85,"column":41},"end":{"line":94,"column":3}},"line":85},"6":{"name":"(anonymous_6)","decl":{"start":{"line":86,"column":23},"end":{"line":86,"column":24}},"loc":{"start":{"line":86,"column":36},"end":{"line":93,"column":5}},"line":86},"7":{"name":"(anonymous_7)","decl":{"start":{"line":89,"column":16},"end":{"line":89,"column":17}},"loc":{"start":{"line":89,"column":32},"end":{"line":91,"column":9}},"line":89},"8":{"name":"(anonymous_8)","decl":{"start":{"line":97,"column":29},"end":{"line":97,"column":30}},"loc":{"start":{"line":97,"column":41},"end":{"line":101,"column":3}},"line":97},"9":{"name":"(anonymous_9)","decl":{"start":{"line":104,"column":27},"end":{"line":104,"column":28}},"loc":{"start":{"line":104,"column":45},"end":{"line":125,"column":3}},"line":104},"10":{"name":"(anonymous_10)","decl":{"start":{"line":127,"column":22},"end":{"line":127,"column":23}},"loc":{"start":{"line":128,"column":4},"end":{"line":128,"column":65}},"line":128},"11":{"name":"(anonymous_11)","decl":{"start":{"line":142,"column":22},"end":{"line":142,"column":23}},"loc":{"start":{"line":142,"column":30},"end":{"line":142,"column":49}},"line":142},"12":{"name":"(anonymous_12)","decl":{"start":{"line":153,"column":34},"end":{"line":153,"column":35}},"loc":{"start":{"line":153,"column":40},"end":{"line":153,"column":64}},"line":153},"13":{"name":"(anonymous_13)","decl":{"start":{"line":156,"column":34},"end":{"line":156,"column":35}},"loc":{"start":{"line":156,"column":40},"end":{"line":156,"column":66}},"line":156},"14":{"name":"(anonymous_14)","decl":{"start":{"line":159,"column":34},"end":{"line":159,"column":35}},"loc":{"start":{"line":159,"column":40},"end":{"line":159,"column":64}},"line":159}},"branchMap":{"0":{"loc":{"start":{"line":25,"column":4},"end":{"line":28,"column":5}},"type":"if","locations":[{"start":{"line":25,"column":4},"end":{"line":28,"column":5}},{"start":{},"end":{}}],"line":25},"1":{"loc":{"start":{"line":36,"column":6},"end":{"line":46,"column":7}},"type":"if","locations":[{"start":{"line":36,"column":6},"end":{"line":46,"column":7}},{"start":{},"end":{}}],"line":36},"2":{"loc":{"start":{"line":38,"column":10},"end":{"line":41,"column":11}},"type":"if","locations":[{"start":{"line":38,"column":10},"end":{"line":41,"column":11}},{"start":{},"end":{}}],"line":38},"3":{"loc":{"start":{"line":38,"column":14},"end":{"line":38,"column":86}},"type":"binary-expr","locations":[{"start":{"line":38,"column":14},"end":{"line":38,"column":26}},{"start":{"line":38,"column":30},"end":{"line":38,"column":86}}],"line":38},"4":{"loc":{"start":{"line":39,"column":30},"end":{"line":39,"column":53}},"type":"binary-expr","locations":[{"start":{"line":39,"column":30},"end":{"line":39,"column":42}},{"start":{"line":39,"column":46},"end":{"line":39,"column":53}}],"line":39},"5":{"loc":{"start":{"line":56,"column":6},"end":{"line":59,"column":7}},"type":"if","locations":[{"start":{"line":56,"column":6},"end":{"line":59,"column":7}},{"start":{},"end":{}}],"line":56},"6":{"loc":{"start":{"line":67,"column":6},"end":{"line":70,"column":7}},"type":"if","locations":[{"start":{"line":67,"column":6},"end":{"line":70,"column":7}},{"start":{},"end":{}}],"line":67},"7":{"loc":{"start":{"line":107,"column":4},"end":{"line":111,"column":5}},"type":"if","locations":[{"start":{"line":107,"column":4},"end":{"line":111,"column":5}},{"start":{},"end":{}}],"line":107},"8":{"loc":{"start":{"line":112,"column":4},"end":{"line":112,"column":62}},"type":"if","locations":[{"start":{"line":112,"column":4},"end":{"line":112,"column":62}},{"start":{},"end":{}}],"line":112},"9":{"loc":{"start":{"line":118,"column":4},"end":{"line":124,"column":5}},"type":"if","locations":[{"start":{"line":118,"column":4},"end":{"line":124,"column":5}},{"start":{"line":120,"column":11},"end":{"line":124,"column":5}}],"line":118},"10":{"loc":{"start":{"line":138,"column":7},"end":{"line":138,"column":63}},"type":"cond-expr","locations":[{"start":{"line":138,"column":15},"end":{"line":138,"column":56}},{"start":{"line":138,"column":59},"end":{"line":138,"column":63}}],"line":138},"11":{"loc":{"start":{"line":142,"column":30},"end":{"line":142,"column":49}},"type":"binary-expr","locations":[{"start":{"line":142,"column":30},"end":{"line":142,"column":37}},{"start":{"line":142,"column":41},"end":{"line":142,"column":49}}],"line":142},"12":{"loc":{"start":{"line":163,"column":13},"end":{"line":163,"column":43}},"type":"binary-expr","locations":[{"start":{"line":163,"column":13},"end":{"line":163,"column":21}},{"start":{"line":163,"column":25},"end":{"line":163,"column":43}}],"line":163}},"s":{"0":1,"1":3,"2":3,"3":3,"4":3,"5":3,"6":3,"7":3,"8":3,"9":3,"10":1,"11":1,"12":0,"13":0,"14":1,"15":1,"16":1,"17":1,"18":1,"19":0,"20":0,"21":1,"22":1,"23":1,"24":0,"25":3,"26":0,"27":0,"28":0,"29":0,"30":0,"31":0,"32":0,"33":0,"34":0,"35":0,"36":0,"37":0,"38":0,"39":3,"40":0,"41":3,"42":0,"43":0,"44":0,"45":3,"46":1,"47":1,"48":1,"49":3,"50":0,"51":0,"52":0,"53":0,"54":0,"55":0,"56":0,"57":0,"58":0,"59":0,"60":0,"61":0,"62":0,"63":0,"64":0,"65":0,"66":3,"67":0,"68":3,"69":0,"70":0,"71":0,"72":0,"73":1},"f":{"0":3,"1":1,"2":1,"3":0,"4":0,"5":0,"6":0,"7":0,"8":1,"9":0,"10":0,"11":0,"12":0,"13":0,"14":0},"b":{"0":[0,1],"1":[1,0],"2":[0,1],"3":[1,0],"4":[0,0],"5":[0,0],"6":[0,0],"7":[0,0],"8":[0,0],"9":[0,0],"10":[0,3],"11":[0,0],"12":[3,0]},"_coverageSchema":"1a1c01bbd47fc00a2c39e90264f33305004495a9","hash":"2dc31de51bdc6dbc3d790a4f4320693292c39fe7"}
,"D:\\print-helper\\src\\services\\FilterService.js": {"path":"D:\\print-helper\\src\\services\\FilterService.js","statementMap":{"0":{"start":{"line":7,"column":2},"end":{"line":9,"column":3}},"1":{"start":{"line":8,"column":4},"end":{"line":8,"column":20}},"2":{"start":{"line":10,"column":2},"end":{"line":28,"column":3}},"3":{"start":{"line":11,"column":14},"end":{"line":11,"column":48}},"4":{"start":{"line":12,"column":4},"end":{"line":20,"column":5}},"5":{"start":{"line":13,"column":6},"end":{"line":13,"column":67}},"6":{"start":{"line":14,"column":6},"end":{"line":14,"column":76}},"7":{"start":{"line":15,"column":11},"end":{"line":20,"column":5}},"8":{"start":{"line":16,"column":6},"end":{"line":16,"column":67}},"9":{"start":{"line":17,"column":11},"end":{"line":20,"column":5}},"10":{"start":{"line":18,"column":6},"end":{"line":18,"column":67}},"11":{"start":{"line":19,"column":6},"end":{"line":19,"column":47}},"12":{"start":{"line":22,"column":24},"end":{"line":22,"column":100}},"13":{"start":{"line":23,"column":4},"end":{"line":23,"column":104}},"14":{"start":{"line":24,"column":4},"end":{"line":24,"column":23}},"15":{"start":{"line":26,"column":4},"end":{"line":26,"column":59}},"16":{"start":{"line":27,"column":4},"end":{"line":27,"column":20}}},"fnMap":{"0":{"name":"applyFilters","decl":{"start":{"line":6,"column":22},"end":{"line":6,"column":34}},"loc":{"start":{"line":6,"column":57},"end":{"line":29,"column":1}},"line":6}},"branchMap":{"0":{"loc":{"start":{"line":7,"column":2},"end":{"line":9,"column":3}},"type":"if","locations":[{"start":{"line":7,"column":2},"end":{"line":9,"column":3}},{"start":{},"end":{}}],"line":7},"1":{"loc":{"start":{"line":12,"column":4},"end":{"line":20,"column":5}},"type":"if","locations":[{"start":{"line":12,"column":4},"end":{"line":20,"column":5}},{"start":{"line":15,"column":11},"end":{"line":20,"column":5}}],"line":12},"2":{"loc":{"start":{"line":15,"column":11},"end":{"line":20,"column":5}},"type":"if","locations":[{"start":{"line":15,"column":11},"end":{"line":20,"column":5}},{"start":{"line":17,"column":11},"end":{"line":20,"column":5}}],"line":15},"3":{"loc":{"start":{"line":17,"column":11},"end":{"line":20,"column":5}},"type":"if","locations":[{"start":{"line":17,"column":11},"end":{"line":20,"column":5}},{"start":{},"end":{}}],"line":17}},"s":{"0":3,"1":1,"2":2,"3":2,"4":1,"5":1,"6":1,"7":0,"8":0,"9":0,"10":0,"11":0,"12":1,"13":1,"14":1,"15":1,"16":1},"f":{"0":3},"b":{"0":[1,2],"1":[1,0],"2":[0,0],"3":[0,0]},"_coverageSchema":"1a1c01bbd47fc00a2c39e90264f33305004495a9","hash":"086a5bec428a7b4b5ada46f77c880dfde073b37f"}
,"D:\\print-helper\\src\\services\\PDFService.js": {"path":"D:\\print-helper\\src\\services\\PDFService.js","statementMap":{"0":{"start":{"line":6,"column":19},"end":{"line":6,"column":69}},"1":{"start":{"line":9,"column":18},"end":{"line":9,"column":59}},"2":{"start":{"line":10,"column":2},"end":{"line":12,"column":3}},"3":{"start":{"line":11,"column":4},"end":{"line":11,"column":77}},"4":{"start":{"line":17,"column":16},"end":{"line":17,"column":38}},"5":{"start":{"line":18,"column":17},"end":{"line":18,"column":40}},"6":{"start":{"line":19,"column":2},"end":{"line":25,"column":5}},"7":{"start":{"line":29,"column":2},"end":{"line":29,"column":26}},"8":{"start":{"line":30,"column":18},"end":{"line":30,"column":58}},"9":{"start":{"line":31,"column":20},"end":{"line":31,"column":42}},"10":{"start":{"line":32,"column":21},"end":{"line":32,"column":44}},"11":{"start":{"line":33,"column":14},"end":{"line":43,"column":6}},"12":{"start":{"line":44,"column":2},"end":{"line":44,"column":20}},"13":{"start":{"line":45,"column":2},"end":{"line":45,"column":17}},"14":{"start":{"line":49,"column":2},"end":{"line":49,"column":36}}},"fnMap":{"0":{"name":"ensureExportDir","decl":{"start":{"line":8,"column":22},"end":{"line":8,"column":37}},"loc":{"start":{"line":8,"column":40},"end":{"line":13,"column":1}},"line":8},"1":{"name":"captureCanvas","decl":{"start":{"line":15,"column":22},"end":{"line":15,"column":35}},"loc":{"start":{"line":15,"column":52},"end":{"line":26,"column":1}},"line":15},"2":{"name":"createPDF","decl":{"start":{"line":28,"column":22},"end":{"line":28,"column":31}},"loc":{"start":{"line":28,"column":53},"end":{"line":46,"column":1}},"line":28},"3":{"name":"sharePDF","decl":{"start":{"line":48,"column":22},"end":{"line":48,"column":30}},"loc":{"start":{"line":48,"column":40},"end":{"line":50,"column":1}},"line":48}},"branchMap":{"0":{"loc":{"start":{"line":10,"column":2},"end":{"line":12,"column":3}},"type":"if","locations":[{"start":{"line":10,"column":2},"end":{"line":12,"column":3}},{"start":{},"end":{}}],"line":10},"1":{"loc":{"start":{"line":15,"column":41},"end":{"line":15,"column":50}},"type":"default-arg","locations":[{"start":{"line":15,"column":47},"end":{"line":15,"column":50}}],"line":15},"2":{"loc":{"start":{"line":28,"column":42},"end":{"line":28,"column":51}},"type":"default-arg","locations":[{"start":{"line":28,"column":48},"end":{"line":28,"column":51}}],"line":28}},"s":{"0":2,"1":3,"2":3,"3":1,"4":1,"5":1,"6":1,"7":1,"8":1,"9":1,"10":1,"11":1,"12":1,"13":1,"14":1},"f":{"0":3,"1":1,"2":1,"3":1},"b":{"0":[1,2],"1":[0],"2":[0]},"_coverageSchema":"1a1c01bbd47fc00a2c39e90264f33305004495a9","hash":"841e7e638632667b8f8aa8c5cabc8cd0cd592152"}
,"D:\\print-helper\\src\\store\\imageSlice.js": {"path":"D:\\print-helper\\src\\store\\imageSlice.js","statementMap":{"0":{"start":{"line":3,"column":21},"end":{"line":5,"column":1}},"1":{"start":{"line":7,"column":19},"end":{"line":18,"column":2}},"2":{"start":{"line":12,"column":6},"end":{"line":12,"column":44}},"3":{"start":{"line":15,"column":6},"end":{"line":15,"column":32}},"4":{"start":{"line":20,"column":58},"end":{"line":20,"column":76}}},"fnMap":{"0":{"name":"(anonymous_0)","decl":{"start":{"line":11,"column":4},"end":{"line":11,"column":5}},"loc":{"start":{"line":11,"column":37},"end":{"line":13,"column":5}},"line":11},"1":{"name":"(anonymous_1)","decl":{"start":{"line":14,"column":4},"end":{"line":14,"column":5}},"loc":{"start":{"line":14,"column":31},"end":{"line":16,"column":5}},"line":14}},"branchMap":{},"s":{"0":2,"1":2,"2":2,"3":1,"4":2},"f":{"0":2,"1":1},"b":{},"_coverageSchema":"1a1c01bbd47fc00a2c39e90264f33305004495a9","hash":"1a3a10fbf20dd9b91d193100e60b77712cc19527"}
,"D:\\print-helper\\src\\utils\\autoCrop.js": {"path":"D:\\print-helper\\src\\utils\\autoCrop.js","statementMap":{"0":{"start":{"line":7,"column":2},"end":{"line":33,"column":3}},"1":{"start":{"line":8,"column":16},"end":{"line":8,"column":45}},"2":{"start":{"line":9,"column":20},"end":{"line":9,"column":70}},"3":{"start":{"line":10,"column":23},"end":{"line":10,"column":90}},"4":{"start":{"line":11,"column":21},"end":{"line":11,"column":65}},"5":{"start":{"line":13,"column":21},"end":{"line":13,"column":61}},"6":{"start":{"line":14,"column":4},"end":{"line":16,"column":5}},"7":{"start":{"line":15,"column":6},"end":{"line":15,"column":43}},"8":{"start":{"line":18,"column":27},"end":{"line":20,"column":5}},"9":{"start":{"line":19,"column":6},"end":{"line":19,"column":63}},"10":{"start":{"line":22,"column":36},"end":{"line":22,"column":90}},"11":{"start":{"line":24,"column":29},"end":{"line":24,"column":77}},"12":{"start":{"line":25,"column":23},"end":{"line":25,"column":74}},"13":{"start":{"line":26,"column":4},"end":{"line":28,"column":7}},"14":{"start":{"line":29,"column":4},"end":{"line":29,"column":22}},"15":{"start":{"line":31,"column":4},"end":{"line":31,"column":62}},"16":{"start":{"line":32,"column":4},"end":{"line":32,"column":15}}},"fnMap":{"0":{"name":"autoCropImage","decl":{"start":{"line":6,"column":22},"end":{"line":6,"column":35}},"loc":{"start":{"line":6,"column":41},"end":{"line":34,"column":1}},"line":6},"1":{"name":"(anonymous_1)","decl":{"start":{"line":18,"column":43},"end":{"line":18,"column":44}},"loc":{"start":{"line":19,"column":6},"end":{"line":19,"column":63}},"line":19}},"branchMap":{"0":{"loc":{"start":{"line":14,"column":4},"end":{"line":16,"column":5}},"type":"if","locations":[{"start":{"line":14,"column":4},"end":{"line":16,"column":5}},{"start":{},"end":{}}],"line":14},"1":{"loc":{"start":{"line":19,"column":6},"end":{"line":19,"column":63}},"type":"cond-expr","locations":[{"start":{"line":19,"column":49},"end":{"line":19,"column":56}},{"start":{"line":19,"column":59},"end":{"line":19,"column":63}}],"line":19}},"s":{"0":3,"1":3,"2":2,"3":2,"4":2,"5":2,"6":2,"7":1,"8":1,"9":0,"10":1,"11":1,"12":1,"13":1,"14":1,"15":2,"16":2},"f":{"0":3,"1":0},"b":{"0":[1,1],"1":[0,0]},"_coverageSchema":"1a1c01bbd47fc00a2c39e90264f33305004495a9","hash":"b9a0654335ec88d020cd566eb2cb4833f8227d49"}
,"D:\\print-helper\\src\\utils\\constants.js": {"path":"D:\\print-helper\\src\\utils\\constants.js","statementMap":{"0":{"start":{"line":2,"column":26},"end":{"line":6,"column":1}},"1":{"start":{"line":9,"column":29},"end":{"line":17,"column":1}},"2":{"start":{"line":20,"column":28},"end":{"line":26,"column":1}},"3":{"start":{"line":29,"column":34},"end":{"line":34,"column":1}},"4":{"start":{"line":37,"column":28},"end":{"line":45,"column":1}},"5":{"start":{"line":48,"column":32},"end":{"line":56,"column":1}}},"fnMap":{},"branchMap":{},"s":{"0":1,"1":1,"2":1,"3":1,"4":1,"5":1},"f":{},"b":{},"_coverageSchema":"1a1c01bbd47fc00a2c39e90264f33305004495a9","hash":"aa36ce7f4dcd35332ae36af30d63138c8763489c"}
,"D:\\print-helper\\test-utils\\test-utils.js": {"path":"D:\\print-helper\\test-utils\\test-utils.js","statementMap":{"0":{"start":{"line":8,"column":2},"end":{"line":12,"column":4}},"1":{"start":{"line":15,"column":25},"end":{"line":15,"column":43}}},"fnMap":{"0":{"name":"renderWithProvider","decl":{"start":{"line":7,"column":16},"end":{"line":7,"column":34}},"loc":{"start":{"line":7,"column":104},"end":{"line":13,"column":1}},"line":7}},"branchMap":{"0":{"loc":{"start":{"line":7,"column":39},"end":{"line":7,"column":102}},"type":"default-arg","locations":[{"start":{"line":7,"column":100},"end":{"line":7,"column":102}}],"line":7},"1":{"loc":{"start":{"line":7,"column":55},"end":{"line":7,"column":95}},"type":"default-arg","locations":[{"start":{"line":7,"column":63},"end":{"line":7,"column":95}}],"line":7}},"s":{"0":8,"1":3},"f":{"0":8},"b":{"0":[2],"1":[8]},"_coverageSchema":"1a1c01bbd47fc00a2c39e90264f33305004495a9","hash":"904ddbc83646197923d5820e2e3c2ba05c1a80b4"}
}
