TN:
SF:src\components\canvas\GridOverlay.js
FN:9,GridOverlay
FNF:1
FNH:1
FNDA:8,GridOverlay
DA:5,1
DA:6,1
DA:7,1
DA:10,8
DA:11,8
DA:13,8
DA:14,32
DA:15,32
DA:29,8
DA:30,32
DA:31,32
DA:44,8
LF:12
LH:12
BRDA:9,0,0,0
BRDA:9,1,0,0
BRDA:10,2,0,0
BRDA:10,2,1,8
BRF:4
BRH:1
end_of_record
TN:
SF:src\components\common\LoadingOverlay.js
FN:4,(anonymous_0)
FNF:1
FNH:0
FNDA:0,(anonymous_0)
DA:4,2
DA:5,0
DA:11,2
LF:3
LH:2
BRF:0
BRH:0
end_of_record
TN:
SF:src\context\CanvasRefContext.js
FN:5,CanvasRefProvider
FN:14,useCanvasRef
FNF:2
FNH:1
FNDA:0,CanvasRefProvider
FNDA:12,useCanvasRef
DA:3,2
DA:6,0
DA:7,0
DA:15,12
LF:4
LH:2
BRF:0
BRH:0
end_of_record
TN:
SF:src\screens\CanvasEditorScreen.js
FN:50,CanvasEditorScreen
FN:52,(anonymous_1)
FN:77,(anonymous_2)
FN:78,(anonymous_3)
FN:93,(anonymous_4)
FN:97,(anonymous_5)
FN:101,(anonymous_6)
FN:110,(anonymous_7)
FN:113,(anonymous_8)
FN:116,(anonymous_9)
FN:122,(anonymous_10)
FN:128,(anonymous_11)
FN:131,(anonymous_12)
FN:132,(anonymous_13)
FN:143,(anonymous_14)
FN:146,(anonymous_15)
FN:147,(anonymous_16)
FN:159,(anonymous_17)
FN:169,(anonymous_18)
FN:173,(anonymous_19)
FN:182,(anonymous_20)
FN:188,(anonymous_21)
FN:195,(anonymous_22)
FN:203,(anonymous_23)
FN:225,(anonymous_24)
FN:246,(anonymous_25)
FN:250,(anonymous_26)
FN:268,(anonymous_27)
FN:269,(anonymous_28)
FN:271,(anonymous_29)
FN:272,(anonymous_30)
FN:279,(anonymous_31)
FN:289,(anonymous_32)
FN:290,(anonymous_33)
FN:291,(anonymous_34)
FN:292,(anonymous_35)
FN:295,(anonymous_36)
FNF:37
FNH:10
FNDA:8,CanvasEditorScreen
FNDA:12,(anonymous_1)
FNDA:0,(anonymous_2)
FNDA:0,(anonymous_3)
FNDA:0,(anonymous_4)
FNDA:0,(anonymous_5)
FNDA:0,(anonymous_6)
FNDA:0,(anonymous_7)
FNDA:0,(anonymous_8)
FNDA:0,(anonymous_9)
FNDA:0,(anonymous_10)
FNDA:0,(anonymous_11)
FNDA:0,(anonymous_12)
FNDA:0,(anonymous_13)
FNDA:0,(anonymous_14)
FNDA:0,(anonymous_15)
FNDA:0,(anonymous_16)
FNDA:8,(anonymous_17)
FNDA:0,(anonymous_18)
FNDA:0,(anonymous_19)
FNDA:2,(anonymous_20)
FNDA:2,(anonymous_21)
FNDA:8,(anonymous_22)
FNDA:8,(anonymous_23)
FNDA:0,(anonymous_24)
FNDA:40,(anonymous_25)
FNDA:0,(anonymous_26)
FNDA:0,(anonymous_27)
FNDA:0,(anonymous_28)
FNDA:0,(anonymous_29)
FNDA:0,(anonymous_30)
FNDA:2,(anonymous_31)
FNDA:2,(anonymous_32)
FNDA:0,(anonymous_33)
FNDA:0,(anonymous_34)
FNDA:0,(anonymous_35)
FNDA:0,(anonymous_36)
DA:12,1
DA:13,1
DA:14,1
DA:15,1
DA:16,1
DA:17,1
DA:19,1
DA:27,1
DA:52,12
DA:53,8
DA:54,8
DA:55,8
DA:58,8
DA:59,8
DA:60,8
DA:61,8
DA:64,8
DA:65,8
DA:68,8
DA:69,8
DA:72,8
DA:73,8
DA:74,8
DA:77,8
DA:78,0
DA:79,0
DA:85,0
DA:86,0
DA:88,0
DA:92,8
DA:94,0
DA:95,0
DA:98,0
DA:99,0
DA:102,0
DA:103,0
DA:104,0
DA:109,8
DA:111,0
DA:114,0
DA:117,0
DA:122,8
DA:123,0
DA:124,0
DA:128,8
DA:129,0
DA:130,0
DA:131,0
DA:132,0
DA:138,0
DA:139,0
DA:140,0
DA:141,0
DA:143,8
DA:144,0
DA:145,0
DA:146,0
DA:147,0
DA:153,0
DA:154,0
DA:155,0
DA:156,0
DA:159,8
DA:169,8
DA:170,0
DA:171,0
DA:172,0
DA:173,0
DA:174,0
DA:176,0
DA:177,0
DA:182,8
DA:183,2
DA:184,2
DA:185,2
DA:186,2
DA:187,2
DA:188,2
DA:189,2
DA:190,2
DA:191,2
DA:195,8
DA:196,8
DA:197,0
DA:203,8
DA:204,8
DA:205,8
DA:206,8
DA:207,8
DA:225,0
DA:240,8
DA:242,8
DA:247,40
DA:250,0
DA:268,0
DA:269,0
DA:271,0
DA:272,0
DA:279,2
DA:289,2
DA:290,0
DA:291,0
DA:292,0
DA:295,0
DA:303,1
LF:105
LH:54
BRDA:86,0,0,0
BRDA:86,0,1,0
BRDA:129,1,0,0
BRDA:129,1,1,0
BRDA:144,2,0,0
BRDA:144,2,1,0
BRDA:186,3,0,2
BRDA:186,3,1,2
BRDA:196,4,0,0
BRDA:196,4,1,8
BRDA:196,5,0,8
BRDA:196,5,1,8
BRDA:205,6,0,0
BRDA:205,6,1,8
BRDA:206,7,0,8
BRDA:206,7,1,6
BRDA:222,8,0,8
BRDA:222,8,1,6
BRDA:228,9,0,0
BRDA:228,9,1,6
BRDA:243,10,0,0
BRDA:243,10,1,8
BRDA:249,11,0,40
BRDA:249,11,1,8
BRDA:252,12,0,40
BRDA:252,12,1,8
BRDA:273,13,0,8
BRDA:273,13,1,8
BRDA:274,14,0,8
BRDA:274,14,1,8
BRDA:294,15,0,8
BRDA:294,15,1,0
BRF:32
BRH:21
end_of_record
TN:
SF:src\screens\ExportScreen.js
FN:10,ExportScreen
FN:17,(anonymous_1)
FN:32,(anonymous_2)
FN:43,(anonymous_3)
FN:44,(anonymous_4)
FN:51,(anonymous_5)
FNF:6
FNH:3
FNDA:4,ExportScreen
FNDA:2,(anonymous_1)
FNDA:0,(anonymous_2)
FNDA:12,(anonymous_3)
FNDA:0,(anonymous_4)
FNDA:0,(anonymous_5)
DA:8,1
DA:11,4
DA:12,4
DA:13,4
DA:14,4
DA:15,4
DA:17,4
DA:18,2
DA:19,2
DA:20,2
DA:21,0
DA:22,0
DA:23,0
DA:24,0
DA:25,0
DA:27,2
DA:28,2
DA:32,4
DA:33,0
DA:34,0
DA:38,4
DA:44,12
DA:51,0
DA:57,1
LF:24
LH:16
BRDA:20,0,0,2
BRDA:20,0,1,0
BRDA:20,1,0,2
BRDA:20,1,1,0
BRDA:33,2,0,0
BRDA:33,2,1,0
BRDA:44,3,0,4
BRDA:44,3,1,8
BRDA:48,4,0,4
BRDA:48,4,1,0
BRDA:49,5,0,4
BRDA:49,5,1,0
BRF:12
BRH:6
end_of_record
TN:
SF:src\screens\ImagePickerScreen.js
FN:12,(anonymous_0)
FN:23,(anonymous_1)
FN:37,(anonymous_2)
FN:53,(anonymous_3)
FN:79,(anonymous_4)
FN:85,(anonymous_5)
FN:86,(anonymous_6)
FN:89,(anonymous_7)
FN:97,(anonymous_8)
FN:104,(anonymous_9)
FN:127,(anonymous_10)
FN:142,(anonymous_11)
FN:153,(anonymous_12)
FN:156,(anonymous_13)
FN:159,(anonymous_14)
FNF:15
FNH:4
FNDA:3,(anonymous_0)
FNDA:1,(anonymous_1)
FNDA:1,(anonymous_2)
FNDA:0,(anonymous_3)
FNDA:0,(anonymous_4)
FNDA:0,(anonymous_5)
FNDA:0,(anonymous_6)
FNDA:0,(anonymous_7)
FNDA:1,(anonymous_8)
FNDA:0,(anonymous_9)
FNDA:0,(anonymous_10)
FNDA:0,(anonymous_11)
FNDA:0,(anonymous_12)
FNDA:0,(anonymous_13)
FNDA:0,(anonymous_14)
DA:12,1
DA:13,3
DA:14,3
DA:15,3
DA:16,3
DA:17,3
DA:18,3
DA:19,3
DA:20,3
DA:23,3
DA:24,1
DA:25,1
DA:26,0
DA:27,0
DA:29,1
DA:30,1
DA:36,1
DA:37,1
DA:38,1
DA:39,0
DA:40,0
DA:42,1
DA:44,1
DA:45,1
DA:48,0
DA:53,3
DA:54,0
DA:55,0
DA:56,0
DA:57,0
DA:58,0
DA:61,0
DA:62,0
DA:67,0
DA:68,0
DA:69,0
DA:71,0
DA:72,0
DA:74,0
DA:79,3
DA:81,0
DA:85,3
DA:86,0
DA:87,0
DA:90,0
DA:97,3
DA:98,1
DA:99,1
DA:100,1
DA:104,3
DA:105,0
DA:106,0
DA:107,0
DA:108,0
DA:109,0
DA:110,0
DA:112,0
DA:114,0
DA:115,0
DA:116,0
DA:118,0
DA:119,0
DA:121,0
DA:122,0
DA:123,0
DA:127,3
DA:128,0
DA:131,3
DA:142,0
DA:153,0
DA:156,0
DA:159,0
DA:171,1
LF:73
LH:31
BRDA:25,0,0,0
BRDA:25,0,1,1
BRDA:36,1,0,1
BRDA:36,1,1,0
BRDA:38,2,0,0
BRDA:38,2,1,1
BRDA:38,3,0,1
BRDA:38,3,1,0
BRDA:39,4,0,0
BRDA:39,4,1,0
BRDA:56,5,0,0
BRDA:56,5,1,0
BRDA:67,6,0,0
BRDA:67,6,1,0
BRDA:107,7,0,0
BRDA:107,7,1,0
BRDA:112,8,0,0
BRDA:112,8,1,0
BRDA:118,9,0,0
BRDA:118,9,1,0
BRDA:138,10,0,0
BRDA:138,10,1,3
BRDA:142,11,0,0
BRDA:142,11,1,0
BRDA:163,12,0,3
BRDA:163,12,1,0
BRF:26
BRH:6
end_of_record
TN:
SF:src\services\FilterService.js
FN:6,applyFilters
FNF:1
FNH:1
FNDA:5,applyFilters
DA:7,5
DA:8,1
DA:10,4
DA:11,4
DA:12,1
DA:13,1
DA:14,1
DA:15,0
DA:16,0
DA:17,0
DA:18,0
DA:19,0
DA:22,1
DA:23,1
DA:24,1
DA:26,3
DA:27,3
LF:17
LH:12
BRDA:7,0,0,1
BRDA:7,0,1,4
BRDA:12,1,0,1
BRDA:12,1,1,0
BRDA:15,2,0,0
BRDA:15,2,1,0
BRDA:17,3,0,0
BRDA:17,3,1,0
BRF:8
BRH:3
end_of_record
TN:
SF:src\services\PDFService.js
FN:8,ensureExportDir
FN:15,captureCanvas
FN:28,createPDF
FN:57,sharePDF
FNF:4
FNH:4
FNDA:4,ensureExportDir
FNDA:1,captureCanvas
FNDA:2,createPDF
FNDA:1,sharePDF
DA:6,2
DA:9,4
DA:10,4
DA:11,1
DA:17,1
DA:18,1
DA:19,1
DA:29,2
DA:30,1
DA:33,2
DA:34,2
DA:35,2
DA:36,2
DA:38,2
DA:40,2
DA:41,3
DA:53,2
DA:54,2
DA:58,1
LF:19
LH:19
BRDA:10,0,0,1
BRDA:10,0,1,3
BRDA:15,1,0,0
BRDA:28,2,0,0
BRDA:29,3,0,1
BRDA:29,3,1,1
BRF:6
BRH:4
end_of_record
TN:
SF:src\store\imageSlice.js
FN:11,(anonymous_0)
FN:14,(anonymous_1)
FNF:2
FNH:2
FNDA:2,(anonymous_0)
FNDA:1,(anonymous_1)
DA:3,2
DA:7,2
DA:12,2
DA:15,1
DA:20,2
LF:5
LH:5
BRF:0
BRH:0
end_of_record
TN:
SF:src\utils\autoCrop.js
FN:6,autoCropImage
FN:18,(anonymous_1)
FNF:2
FNH:1
FNDA:3,autoCropImage
FNDA:0,(anonymous_1)
DA:7,3
DA:8,3
DA:9,2
DA:10,2
DA:11,2
DA:13,2
DA:14,2
DA:15,1
DA:18,1
DA:19,0
DA:22,1
DA:24,1
DA:25,1
DA:26,1
DA:29,1
DA:31,2
DA:32,2
LF:17
LH:16
BRDA:14,0,0,1
BRDA:14,0,1,1
BRDA:19,1,0,0
BRDA:19,1,1,0
BRF:4
BRH:2
end_of_record
TN:
SF:src\utils\constants.js
FNF:0
FNH:0
DA:2,1
DA:9,1
DA:20,1
DA:29,1
DA:37,1
DA:48,1
LF:6
LH:6
BRF:0
BRH:0
end_of_record
